#
# There is insufficient memory for the Java Runtime Environment to continue.
# Native memory allocation (malloc) failed to allocate 1048576 bytes. Error detail: AllocateHeap
# Possible reasons:
#   The system is out of physical RAM or swap space
#   This process is running with CompressedOops enabled, and the Java Heap may be blocking the growth of the native heap
# Possible solutions:
#   Reduce memory load on the system
#   Increase physical memory or swap space
#   Check if swap backing store is full
#   Decrease Java heap size (-Xmx/-Xms)
#   Decrease number of Java threads
#   Decrease Java thread stack sizes (-Xss)
#   Set larger code cache with -XX:ReservedCodeCacheSize=
#   JVM is running with Unscaled Compressed Oops mode in which the Java heap is
#     placed in the first 4GB address space. The Java Heap base address is the
#     maximum limit for the native heap growth. Please use -XX:HeapBaseMinAddress
#     to set the Java Heap base and to place the Java Heap above 4GB virtual address.
# This output file may be truncated or incomplete.
#
#  Out of Memory Error (allocation.cpp:44), pid=4480, tid=9776
#
# JRE version: OpenJDK Runtime Environment Temurin-21.0.10+7 (21.0.10+7) (build 21.0.10+7-LTS)
# Java VM: OpenJDK 64-Bit Server VM Temurin-21.0.10+7 (21.0.10+7-LTS, mixed mode, sharing, tiered, compressed oops, compressed class ptrs, parallel gc, windows-amd64)
# No core dump will be written. Minidumps are not enabled by default on client versions of Windows
#

---------------  S U M M A R Y ------------

Command Line: --add-modules=ALL-SYSTEM --add-opens=java.base/java.util=ALL-UNNAMED --add-opens=java.base/java.lang=ALL-UNNAMED --add-opens=java.base/sun.nio.fs=ALL-UNNAMED -Declipse.application=org.eclipse.jdt.ls.core.id1 -Dosgi.bundles.defaultStartLevel=4 -Declipse.product=org.eclipse.jdt.ls.core.product -Djava.import.generatesMetadataFilesAtProjectRoot=false -DDetectVMInstallationsJob.disabled=true -Dfile.encoding=utf8 -XX:+UseParallelGC -XX:GCTimeRatio=4 -XX:AdaptiveSizePolicyWeight=90 -Dsun.zip.disableMemoryMapping=true -Xmx2G -Xms100m -Xlog:disable -javaagent:c:\Users\aryaa\.vscode\extensions\redhat.java-1.54.0-win32-x64\lombok\lombok-1.18.39-4050.jar -XX:+HeapDumpOnOutOfMemoryError -XX:HeapDumpPath=c:\Users\aryaa\AppData\Roaming\Code\User\workspaceStorage\8677ddda170b23c1ba147b4e67a7d6a4\redhat.java -Daether.dependencyCollector.impl=bf c:\Users\aryaa\.vscode\extensions\redhat.java-1.54.0-win32-x64\server\plugins\org.eclipse.equinox.launcher_1.7.100.v20251111-0406.jar -configuration c:\Users\aryaa\AppData\Roaming\Code\User\globalStorage\redhat.java\1.54.0\config_win -data c:\Users\aryaa\AppData\Roaming\Code\User\workspaceStorage\8677ddda170b23c1ba147b4e67a7d6a4\redhat.java\jdt_ws --pipe=\\.\pipe\lsp-a4d44a7255a1c699b4bb1142484196ea-sock

Host: AMD Ryzen 5 5600H with Radeon Graphics         , 12 cores, 15G,  Windows 11 , 64 bit Build 26100 (10.0.26100.8246)
Time: Wed May 13 13:33:28 2026 India Standard Time elapsed time: 37.100094 seconds (0d 0h 0m 37s)

---------------  T H R E A D  ---------------

Current thread (0x000002042a462640):  JavaThread "Attach Listener" daemon [_thread_in_vm, id=9776, stack(0x0000005849700000,0x0000005849800000) (1024K)]

Stack: [0x0000005849700000,0x0000005849800000]
Native frames: (J=compiled Java code, j=interpreted, Vv=VM code, C=native code)
V  [jvm.dll+0x6d7a39]
V  [jvm.dll+0x8b4b26]
V  [jvm.dll+0x8b70de]
V  [jvm.dll+0x8b77c3]
V  [jvm.dll+0x284346]
V  [jvm.dll+0xc1277]
V  [jvm.dll+0x6d82e9]
V  [jvm.dll+0x1334a6]
V  [jvm.dll+0x3f857e]
V  [jvm.dll+0x85f59d]
V  [jvm.dll+0x6d626d]
C  [ucrtbase.dll+0x37b0]
C  [KERNEL32.DLL+0x2e8d7]
C  [ntdll.dll+0x8c3fc]


---------------  P R O C E S S  ---------------

Threads class SMR info:
_java_thread_list=0x00000204960a1a50, length=52, elements={
0x000002042a4c56d0, 0x000002042a455f80, 0x000002042a459790, 0x000002042a45c5b0,
0x000002042a462640, 0x000002042a462cb0, 0x000002042a463320, 0x000002042a4680a0,
0x00000204832606b0, 0x000002048347a750, 0x00000204835a5900, 0x00000204847386f0,
0x00000204891ce0d0, 0x00000204848488b0, 0x00000204844c4e70, 0x000002048961dea0,
0x000002048906e590, 0x0000020484505120, 0x0000020484981050, 0x000002048497fca0,
0x0000020484981d70, 0x0000020484982400, 0x0000020484982a90, 0x0000020484983120,
0x0000020484980330, 0x00000204849809c0, 0x000002048c132130, 0x000002048c133b70,
0x000002048c1306f0, 0x000002048c1327c0, 0x000002048c132e50, 0x000002048c1334e0,
0x000002048c134200, 0x000002048c130d80, 0x000002048c134890, 0x000002048c131410,
0x000002048c131aa0, 0x000002048c134f20, 0x000002048c1355b0, 0x000002048c135c40,
0x000002048c1362d0, 0x000002048b4098a0, 0x000002048b4084f0, 0x000002048b409210,
0x000002048b40ac50, 0x000002048b40cd20, 0x000002048b40b2e0, 0x000002048b40c690,
0x000002048b409f30, 0x000002048b40d3b0, 0x000002048b40da40, 0x000002048b40e0d0
}

Java Threads: ( => current thread )
  0x000002042a4c56d0 JavaThread "main"                              [_thread_blocked, id=37388, stack(0x0000005849000000,0x0000005849100000) (1024K)]
  0x000002042a455f80 JavaThread "Reference Handler"          daemon [_thread_blocked, id=2700, stack(0x0000005849400000,0x0000005849500000) (1024K)]
  0x000002042a459790 JavaThread "Finalizer"                  daemon [_thread_blocked, id=16932, stack(0x0000005849500000,0x0000005849600000) (1024K)]
  0x000002042a45c5b0 JavaThread "Signal Dispatcher"          daemon [_thread_blocked, id=38064, stack(0x0000005849600000,0x0000005849700000) (1024K)]
=>0x000002042a462640 JavaThread "Attach Listener"            daemon [_thread_in_vm, id=9776, stack(0x0000005849700000,0x0000005849800000) (1024K)]
  0x000002042a462cb0 JavaThread "Service Thread"             daemon [_thread_blocked, id=24728, stack(0x0000005849800000,0x0000005849900000) (1024K)]
  0x000002042a463320 JavaThread "Monitor Deflation Thread"   daemon [_thread_blocked, id=29300, stack(0x0000005849900000,0x0000005849a00000) (1024K)]
  0x000002042a4680a0 JavaThread "C2 CompilerThread0"         daemon [_thread_blocked, id=35788, stack(0x0000005849a00000,0x0000005849b00000) (1024K)]
  0x00000204832606b0 JavaThread "C1 CompilerThread0"         daemon [_thread_blocked, id=3788, stack(0x0000005849b00000,0x0000005849c00000) (1024K)]
  0x000002048347a750 JavaThread "Common-Cleaner"             daemon [_thread_blocked, id=19156, stack(0x0000005849d00000,0x0000005849e00000) (1024K)]
  0x00000204835a5900 JavaThread "Notification Thread"        daemon [_thread_blocked, id=30592, stack(0x0000005849e00000,0x0000005849f00000) (1024K)]
  0x00000204847386f0 JavaThread "Active Thread: Equinox Container: 394e7210-6352-4efa-b0ad-6f4b300abb37"        [_thread_blocked, id=32884, stack(0x000000584a600000,0x000000584a700000) (1024K)]
  0x00000204891ce0d0 JavaThread "Refresh Thread: Equinox Container: 394e7210-6352-4efa-b0ad-6f4b300abb37" daemon [_thread_blocked, id=31652, stack(0x0000005849f00000,0x000000584a000000) (1024K)]
  0x00000204848488b0 JavaThread "Framework Event Dispatcher: Equinox Container: 394e7210-6352-4efa-b0ad-6f4b300abb37" daemon [_thread_blocked, id=5436, stack(0x000000584a700000,0x000000584a800000) (1024K)]
  0x00000204844c4e70 JavaThread "Start Level: Equinox Container: 394e7210-6352-4efa-b0ad-6f4b300abb37" daemon [_thread_blocked, id=30676, stack(0x000000584a800000,0x000000584a900000) (1024K)]
  0x000002048961dea0 JavaThread "Bundle File Closer"         daemon [_thread_blocked, id=2156, stack(0x000000584ac00000,0x000000584ad00000) (1024K)]
  0x000002048906e590 JavaThread "SCR Component Actor"        daemon [_thread_blocked, id=13672, stack(0x000000584a900000,0x000000584aa00000) (1024K)]
  0x0000020484505120 JavaThread "Worker-JM"                         [_thread_blocked, id=14020, stack(0x000000584af00000,0x000000584b000000) (1024K)]
  0x0000020484981050 JavaThread "JNA Cleaner"                daemon [_thread_blocked, id=14132, stack(0x000000584b000000,0x000000584b100000) (1024K)]
  0x000002048497fca0 JavaThread "Worker-0"                          [_thread_blocked, id=16720, stack(0x000000584b100000,0x000000584b200000) (1024K)]
  0x0000020484981d70 JavaThread "Worker-1"                          [_thread_blocked, id=5092, stack(0x000000584b200000,0x000000584b300000) (1024K)]
  0x0000020484982400 JavaThread "Java indexing"              daemon [_thread_blocked, id=23384, stack(0x000000584b300000,0x000000584b400000) (1024K)]
  0x0000020484982a90 JavaThread "Worker-2"                          [_thread_blocked, id=36608, stack(0x000000584b600000,0x000000584b700000) (1024K)]
  0x0000020484983120 JavaThread "Worker-3"                          [_thread_blocked, id=32712, stack(0x000000584b700000,0x000000584b800000) (1024K)]
  0x0000020484980330 JavaThread "Thread-1"                   daemon [_thread_in_native, id=24244, stack(0x000000584b800000,0x000000584b900000) (1024K)]
  0x00000204849809c0 JavaThread "Thread-2"                   daemon [_thread_in_native, id=19912, stack(0x000000584b900000,0x000000584ba00000) (1024K)]
  0x000002048c132130 JavaThread "Thread-3"                   daemon [_thread_in_native, id=3004, stack(0x000000584ba00000,0x000000584bb00000) (1024K)]
  0x000002048c133b70 JavaThread "Thread-4"                   daemon [_thread_in_native, id=38576, stack(0x000000584bb00000,0x000000584bc00000) (1024K)]
  0x000002048c1306f0 JavaThread "Thread-5"                   daemon [_thread_in_native, id=30376, stack(0x000000584bc00000,0x000000584bd00000) (1024K)]
  0x000002048c1327c0 JavaThread "Thread-6"                   daemon [_thread_in_native, id=21308, stack(0x000000584bd00000,0x000000584be00000) (1024K)]
  0x000002048c132e50 JavaThread "Thread-7"                   daemon [_thread_in_native, id=19796, stack(0x000000584be00000,0x000000584bf00000) (1024K)]
  0x000002048c1334e0 JavaThread "Thread-8"                   daemon [_thread_in_native, id=3024, stack(0x000000584bf00000,0x000000584c000000) (1024K)]
  0x000002048c134200 JavaThread "Thread-9"                   daemon [_thread_in_native, id=1896, stack(0x000000584c000000,0x000000584c100000) (1024K)]
  0x000002048c130d80 JavaThread "Thread-10"                  daemon [_thread_in_native, id=12280, stack(0x000000584c100000,0x000000584c200000) (1024K)]
  0x000002048c134890 JavaThread "Thread-11"                  daemon [_thread_in_native, id=21236, stack(0x000000584c200000,0x000000584c300000) (1024K)]
  0x000002048c131410 JavaThread "Thread-12"                  daemon [_thread_in_native, id=28956, stack(0x000000584c300000,0x000000584c400000) (1024K)]
  0x000002048c131aa0 JavaThread "Thread-13"                  daemon [_thread_in_native, id=31224, stack(0x000000584c400000,0x000000584c500000) (1024K)]
  0x000002048c134f20 JavaThread "pool-2-thread-1"                   [_thread_blocked, id=28980, stack(0x000000584c500000,0x000000584c600000) (1024K)]
  0x000002048c1355b0 JavaThread "WorkspaceEventsHandler"            [_thread_blocked, id=29592, stack(0x000000584c700000,0x000000584c800000) (1024K)]
  0x000002048c135c40 JavaThread "pool-1-thread-1"                   [_thread_blocked, id=736, stack(0x000000584c800000,0x000000584c900000) (1024K)]
  0x000002048c1362d0 JavaThread "Worker-4"                          [_thread_blocked, id=38096, stack(0x000000584c900000,0x000000584ca00000) (1024K)]
  0x000002048b4098a0 JavaThread "ForkJoinPool.commonPool-worker-1" daemon [_thread_blocked, id=37776, stack(0x000000584ad00000,0x000000584ae00000) (1024K)]
  0x000002048b4084f0 JavaThread "ForkJoinPool.commonPool-worker-2" daemon [_thread_blocked, id=27888, stack(0x000000584ae00000,0x000000584af00000) (1024K)]
  0x000002048b409210 JavaThread "ForkJoinPool.commonPool-worker-3" daemon [_thread_blocked, id=38668, stack(0x000000584ca00000,0x000000584cb00000) (1024K)]
  0x000002048b40ac50 JavaThread "ForkJoinPool.commonPool-worker-4" daemon [_thread_blocked, id=36720, stack(0x000000584cc00000,0x000000584cd00000) (1024K)]
  0x000002048b40cd20 JavaThread "ForkJoinPool.commonPool-worker-6" daemon [_thread_blocked, id=22428, stack(0x000000584ce00000,0x000000584cf00000) (1024K)]
  0x000002048b40b2e0 JavaThread "ForkJoinPool.commonPool-worker-8" daemon [_thread_blocked, id=33020, stack(0x000000584cf00000,0x000000584d000000) (1024K)]
  0x000002048b40c690 JavaThread "ForkJoinPool.commonPool-worker-7" daemon [_thread_blocked, id=22152, stack(0x000000584d000000,0x000000584d100000) (1024K)]
  0x000002048b409f30 JavaThread "ForkJoinPool.commonPool-worker-5" daemon [_thread_blocked, id=35608, stack(0x000000584d100000,0x000000584d200000) (1024K)]
  0x000002048b40d3b0 JavaThread "ForkJoinPool.commonPool-worker-9" daemon [_thread_blocked, id=34288, stack(0x000000584d200000,0x000000584d300000) (1024K)]
  0x000002048b40da40 JavaThread "ForkJoinPool.commonPool-worker-10" daemon [_thread_blocked, id=26568, stack(0x000000584d300000,0x000000584d400000) (1024K)]
  0x000002048b40e0d0 JavaThread "ForkJoinPool.commonPool-worker-11" daemon [_thread_blocked, id=36424, stack(0x000000584d500000,0x000000584d600000) (1024K)]
Total: 52

Other Threads:
  0x000002042a566c10 VMThread "VM Thread"                           [id=27768, stack(0x0000005849300000,0x0000005849400000) (1024K)]
  0x000002042a34ca00 WatcherThread "VM Periodic Task Thread"        [id=25300, stack(0x0000005849200000,0x0000005849300000) (1024K)]
  0x000002042a4e2ca0 WorkerThread "GC Thread#0"                     [id=16816, stack(0x0000005849100000,0x0000005849200000) (1024K)]
  0x00000204845fff80 WorkerThread "GC Thread#1"                     [id=35480, stack(0x000000584a000000,0x000000584a100000) (1024K)]
  0x0000020484600330 WorkerThread "GC Thread#2"                     [id=38484, stack(0x000000584a100000,0x000000584a200000) (1024K)]
  0x00000204845fed10 WorkerThread "GC Thread#3"                     [id=19300, stack(0x000000584a200000,0x000000584a300000) (1024K)]
  0x00000204846006e0 WorkerThread "GC Thread#4"                     [id=13436, stack(0x000000584a300000,0x000000584a400000) (1024K)]
  0x00000204845ff470 WorkerThread "GC Thread#5"                     [id=34376, stack(0x000000584a400000,0x000000584a500000) (1024K)]
  0x00000204845ff0c0 WorkerThread "GC Thread#6"                     [id=24404, stack(0x000000584a500000,0x000000584a600000) (1024K)]
  0x00000204893f4080 WorkerThread "GC Thread#7"                     [id=38812, stack(0x0000005849c00000,0x0000005849d00000) (1024K)]
  0x00000204893f3920 WorkerThread "GC Thread#8"                     [id=31952, stack(0x000000584aa00000,0x000000584ab00000) (1024K)]
  0x00000204893f26b0 WorkerThread "GC Thread#9"                     [id=31492, stack(0x000000584ab00000,0x000000584ac00000) (1024K)]
Total: 12

Threads with active compile tasks:
Total: 0

VM state: not at safepoint (normal execution)

VM Mutex/Monitor currently owned by a thread: None

Heap address: 0x0000000080000000, size: 2048 MB, Compressed Oops mode: 32-bit

CDS archive(s) mapped at: [0x0000020441000000-0x0000020441ba0000-0x0000020441ba0000), size 12189696, SharedBaseAddress: 0x0000020441000000, ArchiveRelocationMode: 1.
Compressed class space mapped at: 0x0000020442000000-0x0000020482000000, reserved size: 1073741824
Narrow klass base: 0x0000020441000000, Narrow klass shift: 0, Narrow klass range: 0x100000000

GC Precious Log:
 CardTable entry size: 512
 CPUs: 12 total, 12 available
 Memory: 15710M
 Large Page Support: Disabled
 NUMA Support: Disabled
 Compressed Oops: Enabled (32-bit)
 Alignments: Space 512K, Generation 512K, Heap 2M
 Heap Min Capacity: 100M
 Heap Initial Capacity: 100M
 Heap Max Capacity: 2G
 Pre-touch: Disabled
 Parallel Workers: 10

Heap:
 PSYoungGen      total 4096K, used 3227K [0x00000000d5580000, 0x00000000d5a80000, 0x0000000100000000)
  eden space 3584K, 82% used [0x00000000d5580000,0x00000000d5866f10,0x00000000d5900000)
  from space 512K, 50% used [0x00000000d5980000,0x00000000d59c0000,0x00000000d5a00000)
  to   space 512K, 0% used [0x00000000d5a00000,0x00000000d5a00000,0x00000000d5a80000)
 ParOldGen       total 291328K, used 291081K [0x0000000080000000, 0x0000000091c80000, 0x00000000d5580000)
  object space 291328K, 99% used [0x0000000080000000,0x0000000091c426d0,0x0000000091c80000)
 Metaspace       used 68688K, committed 70272K, reserved 1114112K
  class space    used 7395K, committed 8064K, reserved 1048576K

Card table byte_map: [0x0000020429e60000,0x000002042a270000] _byte_map_base: 0x0000020429a60000

Marking Bits: (ParMarkBitMap*) 0x00007fff475e3450
 Begin Bits: [0x000002043c970000, 0x000002043e970000)
 End Bits:   [0x000002043e970000, 0x0000020440970000)

Polling page: 0x00000204282e0000

Metaspace:

Usage:
  Non-class:     59.86 MB used.
      Class:      7.22 MB used.
       Both:     67.08 MB used.

Virtual space:
  Non-class space:       64.00 MB reserved,      60.75 MB ( 95%) committed,  1 nodes.
      Class space:        1.00 GB reserved,       7.88 MB ( <1%) committed,  1 nodes.
             Both:        1.06 GB reserved,      68.62 MB (  6%) committed. 

Chunk freelists:
   Non-Class:  2.98 MB
       Class:  8.17 MB
        Both:  11.15 MB

MaxMetaspaceSize: unlimited
CompressedClassSpaceSize: 1.00 GB
Initial GC threshold: 21.00 MB
Current GC threshold: 97.31 MB
CDS: on
 - commit_granule_bytes: 65536.
 - commit_granule_words: 8192.
 - virtual_space_node_default_size: 8388608.
 - enlarge_chunks_in_place: 1.
 - use_allocation_guard: 0.


Internal statistics:

num_allocs_failed_limit: 9.
num_arena_births: 1396.
num_arena_deaths: 14.
num_vsnodes_births: 2.
num_vsnodes_deaths: 0.
num_space_committed: 1098.
num_space_uncommitted: 0.
num_chunks_returned_to_freelist: 23.
num_chunks_taken_from_freelist: 4557.
num_chunk_merges: 11.
num_chunk_splits: 2767.
num_chunks_enlarged: 1497.
num_inconsistent_stats: 0.

CodeHeap 'non-profiled nmethods': size=120000Kb used=11226Kb max_used=11226Kb free=108773Kb
 bounds [0x0000020435190000, 0x0000020435c90000, 0x000002043c6c0000]
CodeHeap 'profiled nmethods': size=120000Kb used=32438Kb max_used=32438Kb free=87561Kb
 bounds [0x000002042d6c0000, 0x000002042f670000, 0x0000020434bf0000]
CodeHeap 'non-nmethods': size=5760Kb used=1461Kb max_used=1534Kb free=4298Kb
 bounds [0x0000020434bf0000, 0x0000020434e60000, 0x0000020435190000]
CodeCache: size=245760Kb, used=45125Kb, max_used=45198Kb, free=200632Kb
 total_blobs=14965, nmethods=14195, adapters=675, full_count=0
Compilation: enabled, stopped_count=0, restarted_count=0

Compilation events (20 events):
Event: 31.608 Thread 0x0000020489757ea0 15034       4       java.io.BufferedOutputStream::implWrite (40 bytes)
Event: 31.610 Thread 0x0000020489757ea0 nmethod 15034 0x0000020435c79290 code [0x0000020435c79440, 0x0000020435c79630]
Event: 31.610 Thread 0x0000020489757ea0 15038       4       org.eclipse.osgi.container.ModuleDatabase$Persistence::writeString (99 bytes)
Event: 31.613 Thread 0x00000204832606b0 15052       3       java.lang.invoke.DelegatingMethodHandle::<init> (10 bytes)
Event: 31.613 Thread 0x00000204832606b0 nmethod 15052 0x000002042f66d210 code [0x000002042f66d3e0, 0x000002042f66d7a0]
Event: 31.626 Thread 0x000002048975bbf0 nmethod 15023 0x0000020435c79810 code [0x0000020435c79ac0, 0x0000020435c7b280]
Event: 31.627 Thread 0x000002048975bbf0 15013       4       org.osgi.framework.Version::hashCode (65 bytes)
Event: 31.628 Thread 0x000002048975bbf0 nmethod 15013 0x0000020435c7bf90 code [0x0000020435c7c120, 0x0000020435c7c258]
Event: 31.628 Thread 0x000002048975bbf0 15043       4       org.eclipse.osgi.container.ModuleDatabase$Persistence::addToWriteTable (77 bytes)
Event: 31.645 Thread 0x000002048975bbf0 nmethod 15043 0x0000020435c7c310 code [0x0000020435c7c540, 0x0000020435c7d000]
Event: 31.645 Thread 0x000002048975bbf0 15031       4       java.util.HashMap$KeySet::iterator (12 bytes)
Event: 31.650 Thread 0x000002048975bbf0 nmethod 15031 0x0000020435c7d810 code [0x0000020435c7d9c0, 0x0000020435c7dca0]
Event: 31.650 Thread 0x000002048975bbf0 15044       4       java.util.Collections$UnmodifiableMap::hashCode (10 bytes)
Event: 31.651 Thread 0x000002048975bbf0 nmethod 15044 0x0000020435c7de90 code [0x0000020435c7e020, 0x0000020435c7e110]
Event: 31.651 Thread 0x000002048975bbf0 15002       4       java.util.Collections$UnmodifiableList::hashCode (10 bytes)
Event: 31.652 Thread 0x000002048975bbf0 nmethod 15002 0x0000020435c7e210 code [0x0000020435c7e3a0, 0x0000020435c7e450]
Event: 31.652 Thread 0x000002048975bbf0 15051       4       java.util.Collections$EmptyList::toArray (5 bytes)
Event: 31.653 Thread 0x000002042a4680a0 nmethod 15016 0x0000020435c7e510 code [0x0000020435c7ea40, 0x0000020435c81110]
Event: 31.653 Thread 0x000002048975bbf0 nmethod 15051 0x0000020435c82e90 code [0x0000020435c83020, 0x0000020435c83118]
Event: 31.657 Thread 0x0000020489757ea0 nmethod 15038 0x0000020435c83210 code [0x0000020435c83640, 0x0000020435c85140]

GC Heap History (20 events):
Event: 26.979 GC heap before
{Heap before GC invocations=419 (full 3):
 PSYoungGen      total 5120K, used 5031K [0x00000000d5580000, 0x00000000d5c80000, 0x0000000100000000)
  eden space 4096K, 97% used [0x00000000d5580000,0x00000000d596a5a8,0x00000000d5980000)
  from space 1024K, 99% used [0x00000000d5a00000,0x00000000d5aff958,0x00000000d5b00000)
  to   space 1536K, 0% used [0x00000000d5b00000,0x00000000d5b00000,0x00000000d5c80000)
 ParOldGen       total 289792K, used 289315K [0x0000000080000000, 0x0000000091b00000, 0x00000000d5580000)
  object space 289792K, 99% used [0x0000000080000000,0x0000000091a88c10,0x0000000091b00000)
 Metaspace       used 66523K, committed 68096K, reserved 1114112K
  class space    used 7175K, committed 7872K, reserved 1048576K
}
Event: 26.980 GC heap after
{Heap after GC invocations=419 (full 3):
 PSYoungGen      total 5632K, used 950K [0x00000000d5580000, 0x00000000d5c80000, 0x0000000100000000)
  eden space 4096K, 0% used [0x00000000d5580000,0x00000000d5580000,0x00000000d5980000)
  from space 1536K, 61% used [0x00000000d5b00000,0x00000000d5bed9f8,0x00000000d5c80000)
  to   space 1536K, 0% used [0x00000000d5980000,0x00000000d5980000,0x00000000d5b00000)
 ParOldGen       total 289792K, used 289475K [0x0000000080000000, 0x0000000091b00000, 0x00000000d5580000)
  object space 289792K, 99% used [0x0000000080000000,0x0000000091ab0c10,0x0000000091b00000)
 Metaspace       used 66523K, committed 68096K, reserved 1114112K
  class space    used 7175K, committed 7872K, reserved 1048576K
}
Event: 26.985 GC heap before
{Heap before GC invocations=420 (full 3):
 PSYoungGen      total 5632K, used 5046K [0x00000000d5580000, 0x00000000d5c80000, 0x0000000100000000)
  eden space 4096K, 100% used [0x00000000d5580000,0x00000000d5980000,0x00000000d5980000)
  from space 1536K, 61% used [0x00000000d5b00000,0x00000000d5bed9f8,0x00000000d5c80000)
  to   space 1536K, 0% used [0x00000000d5980000,0x00000000d5980000,0x00000000d5b00000)
 ParOldGen       total 289792K, used 289475K [0x0000000080000000, 0x0000000091b00000, 0x00000000d5580000)
  object space 289792K, 99% used [0x0000000080000000,0x0000000091ab0c10,0x0000000091b00000)
 Metaspace       used 66525K, committed 68096K, reserved 1114112K
  class space    used 7175K, committed 7872K, reserved 1048576K
}
Event: 26.986 GC heap after
{Heap after GC invocations=420 (full 3):
 PSYoungGen      total 5120K, used 630K [0x00000000d5580000, 0x00000000d5b80000, 0x0000000100000000)
  eden space 4096K, 0% used [0x00000000d5580000,0x00000000d5580000,0x00000000d5980000)
  from space 1024K, 61% used [0x00000000d5980000,0x00000000d5a1da28,0x00000000d5a80000)
  to   space 1024K, 0% used [0x00000000d5a80000,0x00000000d5a80000,0x00000000d5b80000)
 ParOldGen       total 289792K, used 289475K [0x0000000080000000, 0x0000000091b00000, 0x00000000d5580000)
  object space 289792K, 99% used [0x0000000080000000,0x0000000091ab0c10,0x0000000091b00000)
 Metaspace       used 66525K, committed 68096K, reserved 1114112K
  class space    used 7175K, committed 7872K, reserved 1048576K
}
Event: 26.994 GC heap before
{Heap before GC invocations=421 (full 3):
 PSYoungGen      total 5120K, used 4671K [0x00000000d5580000, 0x00000000d5b80000, 0x0000000100000000)
  eden space 4096K, 98% used [0x00000000d5580000,0x00000000d59722d0,0x00000000d5980000)
  from space 1024K, 61% used [0x00000000d5980000,0x00000000d5a1da28,0x00000000d5a80000)
  to   space 1024K, 0% used [0x00000000d5a80000,0x00000000d5a80000,0x00000000d5b80000)
 ParOldGen       total 289792K, used 289475K [0x0000000080000000, 0x0000000091b00000, 0x00000000d5580000)
  object space 289792K, 99% used [0x0000000080000000,0x0000000091ab0c10,0x0000000091b00000)
 Metaspace       used 66526K, committed 68096K, reserved 1114112K
  class space    used 7175K, committed 7872K, reserved 1048576K
}
Event: 26.995 GC heap after
{Heap after GC invocations=421 (full 3):
 PSYoungGen      total 4608K, used 992K [0x00000000d5580000, 0x00000000d5c80000, 0x0000000100000000)
  eden space 3584K, 0% used [0x00000000d5580000,0x00000000d5580000,0x00000000d5900000)
  from space 1024K, 96% used [0x00000000d5a80000,0x00000000d5b78270,0x00000000d5b80000)
  to   space 1536K, 0% used [0x00000000d5900000,0x00000000d5900000,0x00000000d5a80000)
 ParOldGen       total 289792K, used 289779K [0x0000000080000000, 0x0000000091b00000, 0x00000000d5580000)
  object space 289792K, 99% used [0x0000000080000000,0x0000000091afcc10,0x0000000091b00000)
 Metaspace       used 66526K, committed 68096K, reserved 1114112K
  class space    used 7175K, committed 7872K, reserved 1048576K
}
Event: 27.029 GC heap before
{Heap before GC invocations=422 (full 3):
 PSYoungGen      total 4608K, used 4576K [0x00000000d5580000, 0x00000000d5c80000, 0x0000000100000000)
  eden space 3584K, 100% used [0x00000000d5580000,0x00000000d5900000,0x00000000d5900000)
  from space 1024K, 96% used [0x00000000d5a80000,0x00000000d5b78270,0x00000000d5b80000)
  to   space 1536K, 0% used [0x00000000d5900000,0x00000000d5900000,0x00000000d5a80000)
 ParOldGen       total 289792K, used 289779K [0x0000000080000000, 0x0000000091b00000, 0x00000000d5580000)
  object space 289792K, 99% used [0x0000000080000000,0x0000000091afcc10,0x0000000091b00000)
 Metaspace       used 67205K, committed 68800K, reserved 1114112K
  class space    used 7236K, committed 7936K, reserved 1048576K
}
Event: 27.030 GC heap after
{Heap after GC invocations=422 (full 3):
 PSYoungGen      total 4096K, used 224K [0x00000000d5580000, 0x00000000d5b00000, 0x0000000100000000)
  eden space 3584K, 0% used [0x00000000d5580000,0x00000000d5580000,0x00000000d5900000)
  from space 512K, 43% used [0x00000000d5900000,0x00000000d5938000,0x00000000d5980000)
  to   space 1024K, 0% used [0x00000000d5a00000,0x00000000d5a00000,0x00000000d5b00000)
 ParOldGen       total 290304K, used 289939K [0x0000000080000000, 0x0000000091b80000, 0x00000000d5580000)
  object space 290304K, 99% used [0x0000000080000000,0x0000000091b24c10,0x0000000091b80000)
 Metaspace       used 67205K, committed 68800K, reserved 1114112K
  class space    used 7236K, committed 7936K, reserved 1048576K
}
Event: 27.130 GC heap before
{Heap before GC invocations=423 (full 3):
 PSYoungGen      total 4096K, used 3808K [0x00000000d5580000, 0x00000000d5b00000, 0x0000000100000000)
  eden space 3584K, 100% used [0x00000000d5580000,0x00000000d5900000,0x00000000d5900000)
  from space 512K, 43% used [0x00000000d5900000,0x00000000d5938000,0x00000000d5980000)
  to   space 1024K, 0% used [0x00000000d5a00000,0x00000000d5a00000,0x00000000d5b00000)
 ParOldGen       total 290304K, used 289939K [0x0000000080000000, 0x0000000091b80000, 0x00000000d5580000)
  object space 290304K, 99% used [0x0000000080000000,0x0000000091b24c10,0x0000000091b80000)
 Metaspace       used 67800K, committed 69440K, reserved 1114112K
  class space    used 7296K, committed 8000K, reserved 1048576K
}
Event: 27.132 GC heap after
{Heap after GC invocations=423 (full 3):
 PSYoungGen      total 4608K, used 512K [0x00000000d5580000, 0x00000000d5b00000, 0x0000000100000000)
  eden space 3584K, 0% used [0x00000000d5580000,0x00000000d5580000,0x00000000d5900000)
  from space 1024K, 50% used [0x00000000d5a00000,0x00000000d5a80000,0x00000000d5b00000)
  to   space 1024K, 0% used [0x00000000d5900000,0x00000000d5900000,0x00000000d5a00000)
 ParOldGen       total 290304K, used 289979K [0x0000000080000000, 0x0000000091b80000, 0x00000000d5580000)
  object space 290304K, 99% used [0x0000000080000000,0x0000000091b2ec10,0x0000000091b80000)
 Metaspace       used 67800K, committed 69440K, reserved 1114112K
  class space    used 7296K, committed 8000K, reserved 1048576K
}
Event: 27.243 GC heap before
{Heap before GC invocations=424 (full 3):
 PSYoungGen      total 4608K, used 4096K [0x00000000d5580000, 0x00000000d5b00000, 0x0000000100000000)
  eden space 3584K, 100% used [0x00000000d5580000,0x00000000d5900000,0x00000000d5900000)
  from space 1024K, 50% used [0x00000000d5a00000,0x00000000d5a80000,0x00000000d5b00000)
  to   space 1024K, 0% used [0x00000000d5900000,0x00000000d5900000,0x00000000d5a00000)
 ParOldGen       total 290304K, used 289979K [0x0000000080000000, 0x0000000091b80000, 0x00000000d5580000)
  object space 290304K, 99% used [0x0000000080000000,0x0000000091b2ec10,0x0000000091b80000)
 Metaspace       used 68108K, committed 69632K, reserved 1114112K
  class space    used 7334K, committed 8000K, reserved 1048576K
}
Event: 27.244 GC heap after
{Heap after GC invocations=424 (full 3):
 PSYoungGen      total 4608K, used 416K [0x00000000d5580000, 0x00000000d5a80000, 0x0000000100000000)
  eden space 3584K, 0% used [0x00000000d5580000,0x00000000d5580000,0x00000000d5900000)
  from space 1024K, 40% used [0x00000000d5900000,0x00000000d5968020,0x00000000d5a00000)
  to   space 512K, 0% used [0x00000000d5a00000,0x00000000d5a00000,0x00000000d5a80000)
 ParOldGen       total 290304K, used 290259K [0x0000000080000000, 0x0000000091b80000, 0x00000000d5580000)
  object space 290304K, 99% used [0x0000000080000000,0x0000000091b74c10,0x0000000091b80000)
 Metaspace       used 68108K, committed 69632K, reserved 1114112K
  class space    used 7334K, committed 8000K, reserved 1048576K
}
Event: 27.339 GC heap before
{Heap before GC invocations=425 (full 3):
 PSYoungGen      total 4608K, used 4000K [0x00000000d5580000, 0x00000000d5a80000, 0x0000000100000000)
  eden space 3584K, 100% used [0x00000000d5580000,0x00000000d5900000,0x00000000d5900000)
  from space 1024K, 40% used [0x00000000d5900000,0x00000000d5968020,0x00000000d5a00000)
  to   space 512K, 0% used [0x00000000d5a00000,0x00000000d5a00000,0x00000000d5a80000)
 ParOldGen       total 290304K, used 290259K [0x0000000080000000, 0x0000000091b80000, 0x00000000d5580000)
  object space 290304K, 99% used [0x0000000080000000,0x0000000091b74c10,0x0000000091b80000)
 Metaspace       used 68259K, committed 69824K, reserved 1114112K
  class space    used 7349K, committed 8000K, reserved 1048576K
}
Event: 27.340 GC heap after
{Heap after GC invocations=425 (full 3):
 PSYoungGen      total 4096K, used 413K [0x00000000d5580000, 0x00000000d5a80000, 0x0000000100000000)
  eden space 3584K, 0% used [0x00000000d5580000,0x00000000d5580000,0x00000000d5900000)
  from space 512K, 80% used [0x00000000d5a00000,0x00000000d5a67450,0x00000000d5a80000)
  to   space 512K, 0% used [0x00000000d5980000,0x00000000d5980000,0x00000000d5a00000)
 ParOldGen       total 290816K, used 290552K [0x0000000080000000, 0x0000000091c00000, 0x00000000d5580000)
  object space 290816K, 99% used [0x0000000080000000,0x0000000091bbe0f8,0x0000000091c00000)
 Metaspace       used 68259K, committed 69824K, reserved 1114112K
  class space    used 7349K, committed 8000K, reserved 1048576K
}
Event: 27.445 GC heap before
{Heap before GC invocations=426 (full 3):
 PSYoungGen      total 4096K, used 3997K [0x00000000d5580000, 0x00000000d5a80000, 0x0000000100000000)
  eden space 3584K, 100% used [0x00000000d5580000,0x00000000d5900000,0x00000000d5900000)
  from space 512K, 80% used [0x00000000d5a00000,0x00000000d5a67450,0x00000000d5a80000)
  to   space 512K, 0% used [0x00000000d5980000,0x00000000d5980000,0x00000000d5a00000)
 ParOldGen       total 290816K, used 290552K [0x0000000080000000, 0x0000000091c00000, 0x00000000d5580000)
  object space 290816K, 99% used [0x0000000080000000,0x0000000091bbe0f8,0x0000000091c00000)
 Metaspace       used 68356K, committed 69888K, reserved 1114112K
  class space    used 7354K, committed 8000K, reserved 1048576K
}
Event: 27.449 GC heap after
{Heap after GC invocations=426 (full 3):
 PSYoungGen      total 4096K, used 469K [0x00000000d5580000, 0x00000000d5a80000, 0x0000000100000000)
  eden space 3584K, 0% used [0x00000000d5580000,0x00000000d5580000,0x00000000d5900000)
  from space 512K, 91% used [0x00000000d5980000,0x00000000d59f5480,0x00000000d5a00000)
  to   space 512K, 0% used [0x00000000d5a00000,0x00000000d5a00000,0x00000000d5a80000)
 ParOldGen       total 290816K, used 290733K [0x0000000080000000, 0x0000000091c00000, 0x00000000d5580000)
  object space 290816K, 99% used [0x0000000080000000,0x0000000091beb548,0x0000000091c00000)
 Metaspace       used 68356K, committed 69888K, reserved 1114112K
  class space    used 7354K, committed 8000K, reserved 1048576K
}
Event: 27.548 GC heap before
{Heap before GC invocations=427 (full 3):
 PSYoungGen      total 4096K, used 4053K [0x00000000d5580000, 0x00000000d5a80000, 0x0000000100000000)
  eden space 3584K, 99% used [0x00000000d5580000,0x00000000d58fffc0,0x00000000d5900000)
  from space 512K, 91% used [0x00000000d5980000,0x00000000d59f5480,0x00000000d5a00000)
  to   space 512K, 0% used [0x00000000d5a00000,0x00000000d5a00000,0x00000000d5a80000)
 ParOldGen       total 290816K, used 290733K [0x0000000080000000, 0x0000000091c00000, 0x00000000d5580000)
  object space 290816K, 99% used [0x0000000080000000,0x0000000091beb548,0x0000000091c00000)
 Metaspace       used 68526K, committed 70144K, reserved 1114112K
  class space    used 7376K, committed 8064K, reserved 1048576K
}
Event: 27.549 GC heap after
{Heap after GC invocations=427 (full 3):
 PSYoungGen      total 4096K, used 320K [0x00000000d5580000, 0x00000000d5a80000, 0x0000000100000000)
  eden space 3584K, 0% used [0x00000000d5580000,0x00000000d5580000,0x00000000d5900000)
  from space 512K, 62% used [0x00000000d5a00000,0x00000000d5a50000,0x00000000d5a80000)
  to   space 512K, 0% used [0x00000000d5980000,0x00000000d5980000,0x00000000d5a00000)
 ParOldGen       total 291328K, used 290945K [0x0000000080000000, 0x0000000091c80000, 0x00000000d5580000)
  object space 291328K, 99% used [0x0000000080000000,0x0000000091c206d0,0x0000000091c80000)
 Metaspace       used 68526K, committed 70144K, reserved 1114112K
  class space    used 7376K, committed 8064K, reserved 1048576K
}
Event: 31.478 GC heap before
{Heap before GC invocations=428 (full 3):
 PSYoungGen      total 4096K, used 3904K [0x00000000d5580000, 0x00000000d5a80000, 0x0000000100000000)
  eden space 3584K, 100% used [0x00000000d5580000,0x00000000d5900000,0x00000000d5900000)
  from space 512K, 62% used [0x00000000d5a00000,0x00000000d5a50000,0x00000000d5a80000)
  to   space 512K, 0% used [0x00000000d5980000,0x00000000d5980000,0x00000000d5a00000)
 ParOldGen       total 291328K, used 290945K [0x0000000080000000, 0x0000000091c80000, 0x00000000d5580000)
  object space 291328K, 99% used [0x0000000080000000,0x0000000091c206d0,0x0000000091c80000)
 Metaspace       used 68635K, committed 70208K, reserved 1114112K
  class space    used 7393K, committed 8064K, reserved 1048576K
}
Event: 31.479 GC heap after
{Heap after GC invocations=428 (full 3):
 PSYoungGen      total 4096K, used 256K [0x00000000d5580000, 0x00000000d5a80000, 0x0000000100000000)
  eden space 3584K, 0% used [0x00000000d5580000,0x00000000d5580000,0x00000000d5900000)
  from space 512K, 50% used [0x00000000d5980000,0x00000000d59c0000,0x00000000d5a00000)
  to   space 512K, 0% used [0x00000000d5a00000,0x00000000d5a00000,0x00000000d5a80000)
 ParOldGen       total 291328K, used 291081K [0x0000000080000000, 0x0000000091c80000, 0x00000000d5580000)
  object space 291328K, 99% used [0x0000000080000000,0x0000000091c426d0,0x0000000091c80000)
 Metaspace       used 68635K, committed 70208K, reserved 1114112K
  class space    used 7393K, committed 8064K, reserved 1048576K
}

Dll operation events (12 events):
Event: 0.388 Loaded shared library c:\Users\aryaa\.vscode\extensions\redhat.java-1.54.0-win32-x64\jre\21.0.10-win32-x86_64\bin\java.dll
Event: 0.462 Loaded shared library c:\Users\aryaa\.vscode\extensions\redhat.java-1.54.0-win32-x64\jre\21.0.10-win32-x86_64\bin\zip.dll
Event: 0.485 Loaded shared library C:\Users\aryaa\.vscode\extensions\redhat.java-1.54.0-win32-x64\jre\21.0.10-win32-x86_64\bin\instrument.dll
Event: 0.490 Loaded shared library C:\Users\aryaa\.vscode\extensions\redhat.java-1.54.0-win32-x64\jre\21.0.10-win32-x86_64\bin\net.dll
Event: 0.492 Loaded shared library C:\Users\aryaa\.vscode\extensions\redhat.java-1.54.0-win32-x64\jre\21.0.10-win32-x86_64\bin\nio.dll
Event: 0.496 Loaded shared library C:\Users\aryaa\.vscode\extensions\redhat.java-1.54.0-win32-x64\jre\21.0.10-win32-x86_64\bin\zip.dll
Event: 0.512 Loaded shared library C:\Users\aryaa\.vscode\extensions\redhat.java-1.54.0-win32-x64\jre\21.0.10-win32-x86_64\bin\jimage.dll
Event: 0.589 Loaded shared library c:\Users\aryaa\.vscode\extensions\redhat.java-1.54.0-win32-x64\jre\21.0.10-win32-x86_64\bin\verify.dll
Event: 4.085 Loaded shared library C:\Users\aryaa\AppData\Roaming\Code\User\globalStorage\redhat.java\1.54.0\config_win\org.eclipse.equinox.launcher\org.eclipse.equinox.launcher.win32.win32.x86_64_1.3.0.v20260203-2149\eclipse_11919.dll
Event: 9.838 Loaded shared library C:\Users\aryaa\AppData\Local\Temp\jna-93097096\jna3279891516232284255.dll
Event: 11.142 Loaded shared library C:\Users\aryaa\.vscode\extensions\redhat.java-1.54.0-win32-x64\jre\21.0.10-win32-x86_64\bin\sunmscapi.dll
Event: 11.408 Loaded shared library C:\Users\aryaa\.vscode\extensions\redhat.java-1.54.0-win32-x64\jre\21.0.10-win32-x86_64\bin\extnet.dll

Deoptimization events (20 events):
Event: 31.506 Thread 0x00000204847386f0 DEOPT PACKING pc=0x000002042f6368a8 sp=0x000000584a6fe8b0
Event: 31.506 Thread 0x00000204847386f0 DEOPT UNPACKING pc=0x0000020434c44242 sp=0x000000584a6fde08 mode 0
Event: 31.506 Thread 0x00000204847386f0 DEOPT PACKING pc=0x000002042f6368a8 sp=0x000000584a6fe8b0
Event: 31.506 Thread 0x00000204847386f0 DEOPT UNPACKING pc=0x0000020434c44242 sp=0x000000584a6fde08 mode 0
Event: 31.506 Thread 0x00000204847386f0 DEOPT PACKING pc=0x000002042f6368a8 sp=0x000000584a6fe8b0
Event: 31.506 Thread 0x00000204847386f0 DEOPT UNPACKING pc=0x0000020434c44242 sp=0x000000584a6fde08 mode 0
Event: 31.507 Thread 0x00000204847386f0 DEOPT PACKING pc=0x000002042f6368a8 sp=0x000000584a6fe8b0
Event: 31.507 Thread 0x00000204847386f0 DEOPT UNPACKING pc=0x0000020434c44242 sp=0x000000584a6fde08 mode 0
Event: 31.507 Thread 0x00000204847386f0 DEOPT PACKING pc=0x000002042f6368a8 sp=0x000000584a6fe8b0
Event: 31.507 Thread 0x00000204847386f0 DEOPT UNPACKING pc=0x0000020434c44242 sp=0x000000584a6fde08 mode 0
Event: 31.508 Thread 0x00000204847386f0 DEOPT PACKING pc=0x000002042f6368a8 sp=0x000000584a6fe8b0
Event: 31.508 Thread 0x00000204847386f0 DEOPT UNPACKING pc=0x0000020434c44242 sp=0x000000584a6fde08 mode 0
Event: 31.508 Thread 0x00000204847386f0 DEOPT PACKING pc=0x000002042f6368a8 sp=0x000000584a6fe8b0
Event: 31.508 Thread 0x00000204847386f0 DEOPT UNPACKING pc=0x0000020434c44242 sp=0x000000584a6fde08 mode 0
Event: 31.514 Thread 0x00000204847386f0 DEOPT PACKING pc=0x000002042f6368a8 sp=0x000000584a6fe8b0
Event: 31.514 Thread 0x00000204847386f0 DEOPT UNPACKING pc=0x0000020434c44242 sp=0x000000584a6fde08 mode 0
Event: 31.515 Thread 0x00000204847386f0 DEOPT PACKING pc=0x000002042f6368a8 sp=0x000000584a6fe8b0
Event: 31.515 Thread 0x00000204847386f0 DEOPT UNPACKING pc=0x0000020434c44242 sp=0x000000584a6fde08 mode 0
Event: 31.529 Thread 0x00000204847386f0 DEOPT PACKING pc=0x000002042f202afc sp=0x000000584a6fe9a0
Event: 31.529 Thread 0x00000204847386f0 DEOPT UNPACKING pc=0x0000020434c44242 sp=0x000000584a6fde28 mode 0

Classes loaded (20 events):
Event: 27.104 Loading class java/util/stream/ReferencePipeline$4
Event: 27.105 Loading class java/util/stream/ReferencePipeline$4 done
Event: 27.106 Loading class java/util/stream/Nodes$IntFixedNodeBuilder
Event: 27.106 Loading class java/util/stream/Node$Builder$OfInt
Event: 27.106 Loading class java/util/stream/Node$Builder$OfInt done
Event: 27.106 Loading class java/util/stream/Nodes$IntArrayNode
Event: 27.107 Loading class java/util/stream/Nodes$IntArrayNode done
Event: 27.107 Loading class java/util/stream/Nodes$IntFixedNodeBuilder done
Event: 27.107 Loading class java/util/stream/ReferencePipeline$4$1
Event: 27.107 Loading class java/util/stream/ReferencePipeline$4$1 done
Event: 30.679 Loading class java/lang/Throwable$WrappedPrintWriter
Event: 30.679 Loading class java/lang/Throwable$PrintStreamOrWriter
Event: 30.679 Loading class java/lang/Throwable$PrintStreamOrWriter done
Event: 30.679 Loading class java/lang/Throwable$WrappedPrintWriter done
Event: 31.612 Loading class sun/nio/cs/ISO_8859_1$Encoder
Event: 31.612 Loading class sun/nio/cs/ISO_8859_1$Encoder done
Event: 31.612 Loading class sun/nio/cs/Surrogate$Parser
Event: 31.612 Loading class sun/nio/cs/Surrogate$Parser done
Event: 31.612 Loading class sun/nio/cs/Surrogate
Event: 31.613 Loading class sun/nio/cs/Surrogate done

Classes unloaded (7 events):
Event: 10.254 Thread 0x000002042a566c10 Unloading class 0x00000204421a4800 'java/lang/invoke/LambdaForm$MH+0x00000204421a4800'
Event: 10.254 Thread 0x000002042a566c10 Unloading class 0x00000204421a4400 'java/lang/invoke/LambdaForm$MH+0x00000204421a4400'
Event: 10.254 Thread 0x000002042a566c10 Unloading class 0x00000204421a4000 'java/lang/invoke/LambdaForm$MH+0x00000204421a4000'
Event: 10.254 Thread 0x000002042a566c10 Unloading class 0x00000204421a3c00 'java/lang/invoke/LambdaForm$MH+0x00000204421a3c00'
Event: 10.254 Thread 0x000002042a566c10 Unloading class 0x00000204421a3800 'java/lang/invoke/LambdaForm$BMH+0x00000204421a3800'
Event: 10.254 Thread 0x000002042a566c10 Unloading class 0x00000204421a3400 'java/lang/invoke/LambdaForm$DMH+0x00000204421a3400'
Event: 10.254 Thread 0x000002042a566c10 Unloading class 0x00000204421a2000 'java/lang/invoke/LambdaForm$DMH+0x00000204421a2000'

Classes redefined (0 events):
No events

Internal exceptions (20 events):
Event: 24.689 Thread 0x0000020484983120 Exception <a 'sun/nio/fs/WindowsException'{0x00000000d57722a0}> (0x00000000d57722a0) 
thrown [s\src\hotspot\share\prims\jni.cpp, line 520]
Event: 24.690 Thread 0x0000020484983120 Exception <a 'sun/nio/fs/WindowsException'{0x00000000d5773d00}> (0x00000000d5773d00) 
thrown [s\src\hotspot\share\prims\jni.cpp, line 520]
Event: 24.690 Thread 0x0000020484983120 Exception <a 'sun/nio/fs/WindowsException'{0x00000000d57745a8}> (0x00000000d57745a8) 
thrown [s\src\hotspot\share\prims\jni.cpp, line 520]
Event: 25.209 Thread 0x0000020484983120 Exception <a 'sun/nio/fs/WindowsException'{0x00000000d574c648}> (0x00000000d574c648) 
thrown [s\src\hotspot\share\prims\jni.cpp, line 520]
Event: 25.209 Thread 0x0000020484983120 Exception <a 'sun/nio/fs/WindowsException'{0x00000000d574d3f8}> (0x00000000d574d3f8) 
thrown [s\src\hotspot\share\prims\jni.cpp, line 520]
Event: 25.748 Thread 0x0000020484983120 Exception <a 'sun/nio/fs/WindowsException'{0x00000000d5ba8fb8}> (0x00000000d5ba8fb8) 
thrown [s\src\hotspot\share\prims\jni.cpp, line 520]
Event: 25.748 Thread 0x0000020484983120 Exception <a 'sun/nio/fs/WindowsException'{0x00000000d5ba9860}> (0x00000000d5ba9860) 
thrown [s\src\hotspot\share\prims\jni.cpp, line 520]
Event: 25.748 Thread 0x0000020484983120 Exception <a 'sun/nio/fs/WindowsException'{0x00000000d5baa8b0}> (0x00000000d5baa8b0) 
thrown [s\src\hotspot\share\prims\jni.cpp, line 520]
Event: 25.749 Thread 0x0000020484983120 Exception <a 'sun/nio/fs/WindowsException'{0x00000000d5bab158}> (0x00000000d5bab158) 
thrown [s\src\hotspot\share\prims\jni.cpp, line 520]
Event: 25.749 Thread 0x0000020484983120 Exception <a 'sun/nio/fs/WindowsException'{0x00000000d5bacbb8}> (0x00000000d5bacbb8) 
thrown [s\src\hotspot\share\prims\jni.cpp, line 520]
Event: 25.749 Thread 0x0000020484983120 Exception <a 'sun/nio/fs/WindowsException'{0x00000000d5bad460}> (0x00000000d5bad460) 
thrown [s\src\hotspot\share\prims\jni.cpp, line 520]
Event: 26.331 Thread 0x0000020484983120 Exception <a 'sun/nio/fs/WindowsException'{0x00000000d5722c70}> (0x00000000d5722c70) 
thrown [s\src\hotspot\share\prims\jni.cpp, line 520]
Event: 26.331 Thread 0x0000020484983120 Exception <a 'sun/nio/fs/WindowsException'{0x00000000d57237c8}> (0x00000000d57237c8) 
thrown [s\src\hotspot\share\prims\jni.cpp, line 520]
Event: 26.828 Thread 0x0000020484983120 Exception <a 'java/lang/NoSuchMethodError'{0x00000000d5828f00}: 'java.lang.Object java.lang.invoke.DirectMethodHandle$Holder.invokeSpecial(java.lang.Object, java.lang.Object, int, long)'> (0x00000000d5828f00) 
thrown [s\src\hotspot\share\interpreter\linkResolver.cpp, line 773]
Event: 27.209 Thread 0x0000020484983120 Exception <a 'java/lang/NoSuchMethodError'{0x00000000d57e6cb8}: 'java.lang.Object java.lang.invoke.DirectMethodHandle$Holder.invokeStatic(java.lang.Object, java.lang.Object, int, java.lang.Object)'> (0x00000000d57e6cb8) 
thrown [s\src\hotspot\share\interpreter\linkResolver.cpp, line 773]
Event: 27.209 Thread 0x0000020484983120 Exception <a 'java/lang/NoSuchMethodError'{0x00000000d57ed628}: 'java.lang.Object java.lang.invoke.DirectMethodHandle$Holder.newInvokeSpecial(java.lang.Object, java.lang.Object, int)'> (0x00000000d57ed628) 
thrown [s\src\hotspot\share\interpreter\linkResolver.cpp, line 773]
Event: 27.286 Thread 0x0000020484983120 Implicit null exception at 0x00000204358a6fa7 to 0x00000204358a72fc
Event: 27.392 Thread 0x0000020484983120 Implicit null exception at 0x00000204357312da to 0x0000020435731333
Event: 27.569 Thread 0x0000020484983120 Exception <a 'java/lang/NoSuchMethodError'{0x00000000d56b7200}: 'java.lang.Object java.lang.invoke.DirectMethodHandle$Holder.invokeStatic(java.lang.Object, java.lang.Object, int, int)'> (0x00000000d56b7200) 
thrown [s\src\hotspot\share\interpreter\linkResolver.cpp, line 773]
Event: 27.569 Thread 0x0000020484983120 Exception <a 'java/lang/NoSuchMethodError'{0x00000000d56baf30}: 'java.lang.Object java.lang.invoke.DirectMethodHandle$Holder.invokeSpecial(java.lang.Object, java.lang.Object, java.lang.Object, int, int)'> (0x00000000d56baf30) 
thrown [s\src\hotspot\share\interpreter\linkResolver.cpp, line 773]

ZGC Phase Switch (0 events):
No events

VM Operations (20 events):
Event: 27.243 Executing safepoint VM operation: ParallelGCFailedAllocation (Allocation Failure)
Event: 27.244 Executing safepoint VM operation: ParallelGCFailedAllocation (Allocation Failure) done
Event: 27.339 Executing safepoint VM operation: ParallelGCFailedAllocation (Allocation Failure)
Event: 27.340 Executing safepoint VM operation: ParallelGCFailedAllocation (Allocation Failure) done
Event: 27.445 Executing safepoint VM operation: ParallelGCFailedAllocation (Allocation Failure)
Event: 27.449 Executing safepoint VM operation: ParallelGCFailedAllocation (Allocation Failure) done
Event: 27.486 Executing non-safepoint VM operation: HandshakeAllThreads (Deoptimize)
Event: 27.487 Executing non-safepoint VM operation: HandshakeAllThreads (Deoptimize) done
Event: 27.530 Executing non-safepoint VM operation: HandshakeAllThreads (Deoptimize)
Event: 27.530 Executing non-safepoint VM operation: HandshakeAllThreads (Deoptimize) done
Event: 27.543 Executing non-safepoint VM operation: HandshakeAllThreads (Deoptimize)
Event: 27.543 Executing non-safepoint VM operation: HandshakeAllThreads (Deoptimize) done
Event: 27.548 Executing safepoint VM operation: ParallelGCFailedAllocation (Allocation Failure)
Event: 27.549 Executing safepoint VM operation: ParallelGCFailedAllocation (Allocation Failure) done
Event: 28.552 Executing safepoint VM operation: Cleanup
Event: 28.553 Executing safepoint VM operation: Cleanup done
Event: 31.478 Executing safepoint VM operation: ParallelGCFailedAllocation (Allocation Failure)
Event: 31.479 Executing safepoint VM operation: ParallelGCFailedAllocation (Allocation Failure) done
Event: 32.487 Executing safepoint VM operation: Cleanup
Event: 32.487 Executing safepoint VM operation: Cleanup done

Memory protections (0 events):
No events

Nmethod flushes (20 events):
Event: 17.218 Thread 0x000002042a566c10 flushing  nmethod 0x000002042df2ba90
Event: 17.218 Thread 0x000002042a566c10 flushing  nmethod 0x000002042df88690
Event: 17.218 Thread 0x000002042a566c10 flushing  nmethod 0x000002042df88f90
Event: 17.218 Thread 0x000002042a566c10 flushing  nmethod 0x000002042df89a10
Event: 17.218 Thread 0x000002042a566c10 flushing  nmethod 0x000002042dfa5810
Event: 17.218 Thread 0x000002042a566c10 flushing  nmethod 0x000002042dfb7e10
Event: 17.218 Thread 0x000002042a566c10 flushing  nmethod 0x000002042dfd3890
Event: 17.218 Thread 0x000002042a566c10 flushing  nmethod 0x000002042dfd3d10
Event: 17.218 Thread 0x000002042a566c10 flushing  nmethod 0x000002042dfd4310
Event: 17.218 Thread 0x000002042a566c10 flushing  nmethod 0x000002042dff3010
Event: 17.218 Thread 0x000002042a566c10 flushing  nmethod 0x000002042dff5310
Event: 17.218 Thread 0x000002042a566c10 flushing  nmethod 0x000002042dff6b90
Event: 17.218 Thread 0x000002042a566c10 flushing  nmethod 0x000002042e012210
Event: 17.218 Thread 0x000002042a566c10 flushing  nmethod 0x000002042e012f10
Event: 17.218 Thread 0x000002042a566c10 flushing  nmethod 0x000002042e014c10
Event: 17.218 Thread 0x000002042a566c10 flushing  nmethod 0x000002042e04de90
Event: 17.218 Thread 0x000002042a566c10 flushing  nmethod 0x000002042e052d10
Event: 17.218 Thread 0x000002042a566c10 flushing  nmethod 0x000002042e06f090
Event: 17.218 Thread 0x000002042a566c10 flushing  nmethod 0x000002042e0d9e10
Event: 17.218 Thread 0x000002042a566c10 flushing  nmethod 0x000002042e0f0310

Events (20 events):
Event: 25.137 Thread 0x000002048bd1bfe0 Thread exited: 0x000002048bd1bfe0
Event: 25.137 Thread 0x000002048bd1da20 Thread exited: 0x000002048bd1da20
Event: 26.104 Thread 0x0000020484983120 Thread added: 0x000002048bd1ac30
Event: 26.107 Thread 0x0000020484983120 Thread added: 0x000002048bd19f10
Event: 26.110 Thread 0x0000020484983120 Thread added: 0x000002048bd1edd0
Event: 26.113 Thread 0x0000020484983120 Thread added: 0x000002048bd1da20
Event: 26.116 Thread 0x0000020484983120 Thread added: 0x000002048bd1bfe0
Event: 26.279 Thread 0x000002048bd1da20 Thread exited: 0x000002048bd1da20
Event: 26.279 Thread 0x000002048bd1bfe0 Thread exited: 0x000002048bd1bfe0
Event: 26.279 Thread 0x000002048bd19f10 Thread exited: 0x000002048bd19f10
Event: 26.279 Thread 0x000002048bd1edd0 Thread exited: 0x000002048bd1edd0
Event: 26.280 Thread 0x000002048bd1ac30 Thread exited: 0x000002048bd1ac30
Event: 26.820 Thread 0x000002048975bbf0 Thread exited: 0x000002048975bbf0
Event: 26.919 Thread 0x00000204832606b0 Thread added: 0x000002048975bbf0
Event: 31.471 Thread 0x000002048975bbf0 Thread exited: 0x000002048975bbf0
Event: 31.472 Thread 0x0000020489757ea0 Thread exited: 0x0000020489757ea0
Event: 31.495 Thread 0x00000204832606b0 Thread added: 0x0000020489757ea0
Event: 31.520 Thread 0x00000204832606b0 Thread added: 0x000002048975bbf0
Event: 36.666 Thread 0x000002048975bbf0 Thread exited: 0x000002048975bbf0
Event: 36.666 Thread 0x0000020489757ea0 Thread exited: 0x0000020489757ea0


Dynamic libraries:
0x00007ff700250000 - 0x00007ff70025e000 	c:\Users\aryaa\.vscode\extensions\redhat.java-1.54.0-win32-x64\jre\21.0.10-win32-x86_64\bin\java.exe
0x00007ff84d180000 - 0x00007ff84d3e7000 	C:\WINDOWS\SYSTEM32\ntdll.dll
0x00007ff81cc70000 - 0x00007ff81cc91000 	C:\Program Files\Avast Software\Avast\aswhook.dll
0x00007ff84c450000 - 0x00007ff84c519000 	C:\WINDOWS\System32\KERNEL32.DLL
0x00007ff849f10000 - 0x00007ff84a304000 	C:\WINDOWS\System32\KERNELBASE.dll
0x00007ff849c60000 - 0x00007ff849dab000 	C:\WINDOWS\System32\ucrtbase.dll
0x00007ff80cda0000 - 0x00007ff80cdb8000 	c:\Users\aryaa\.vscode\extensions\redhat.java-1.54.0-win32-x64\jre\21.0.10-win32-x86_64\bin\jli.dll
0x00007ff84bb50000 - 0x00007ff84bd15000 	C:\WINDOWS\System32\USER32.dll
0x00007ff84a310000 - 0x00007ff84a337000 	C:\WINDOWS\System32\win32u.dll
0x00007ff80c9d0000 - 0x00007ff80c9ee000 	c:\Users\aryaa\.vscode\extensions\redhat.java-1.54.0-win32-x64\jre\21.0.10-win32-x86_64\bin\VCRUNTIME140.dll
0x00007ff82db90000 - 0x00007ff82de23000 	C:\WINDOWS\WinSxS\amd64_microsoft.windows.common-controls_6595b64144ccf1df_6.0.26100.8115_none_3e075c82e3354f9c\COMCTL32.dll
0x00007ff84c680000 - 0x00007ff84c6ab000 	C:\WINDOWS\System32\GDI32.dll
0x00007ff84cf40000 - 0x00007ff84cfe9000 	C:\WINDOWS\System32\msvcrt.dll
0x00007ff84ade0000 - 0x00007ff84af0b000 	C:\WINDOWS\System32\gdi32full.dll
0x00007ff849e60000 - 0x00007ff849f03000 	C:\WINDOWS\System32\msvcp_win.dll
0x00007ff84c580000 - 0x00007ff84c5b2000 	C:\WINDOWS\System32\IMM32.DLL
0x00007ff8211f0000 - 0x00007ff8211fc000 	c:\Users\aryaa\.vscode\extensions\redhat.java-1.54.0-win32-x64\jre\21.0.10-win32-x86_64\bin\vcruntime140_1.dll
0x00007fffbc170000 - 0x00007fffbc1fd000 	c:\Users\aryaa\.vscode\extensions\redhat.java-1.54.0-win32-x64\jre\21.0.10-win32-x86_64\bin\msvcp140.dll
0x00007fff46920000 - 0x00007fff476c1000 	c:\Users\aryaa\.vscode\extensions\redhat.java-1.54.0-win32-x64\jre\21.0.10-win32-x86_64\bin\server\jvm.dll
0x00007ff84c5c0000 - 0x00007ff84c676000 	C:\WINDOWS\System32\ADVAPI32.dll
0x00007ff84b6a0000 - 0x00007ff84b747000 	C:\WINDOWS\System32\sechost.dll
0x00007ff84b7e0000 - 0x00007ff84b8f8000 	C:\WINDOWS\System32\RPCRT4.dll
0x00007ff84bd20000 - 0x00007ff84bda0000 	C:\WINDOWS\System32\WS2_32.dll
0x00007ff8498a0000 - 0x00007ff8498fe000 	C:\WINDOWS\SYSTEM32\POWRPROF.dll
0x00007ff83f1b0000 - 0x00007ff83f1e6000 	C:\WINDOWS\SYSTEM32\WINMM.dll
0x00007ff840e90000 - 0x00007ff840e9b000 	C:\WINDOWS\SYSTEM32\VERSION.dll
0x00007ff849880000 - 0x00007ff849894000 	C:\WINDOWS\SYSTEM32\UMPDC.dll
0x00007ff8487e0000 - 0x00007ff8487fb000 	C:\WINDOWS\SYSTEM32\kernel.appcore.dll
0x00007ff8210f0000 - 0x00007ff8210fa000 	c:\Users\aryaa\.vscode\extensions\redhat.java-1.54.0-win32-x64\jre\21.0.10-win32-x86_64\bin\jimage.dll
0x00007ff83fc50000 - 0x00007ff83fe92000 	C:\WINDOWS\SYSTEM32\DBGHELP.DLL
0x00007ff84af30000 - 0x00007ff84b2b2000 	C:\WINDOWS\System32\combase.dll
0x00007ff84b5c0000 - 0x00007ff84b698000 	C:\WINDOWS\System32\OLEAUT32.dll
0x00007ff82d230000 - 0x00007ff82d26b000 	C:\WINDOWS\SYSTEM32\dbgcore.DLL
0x00007ff849db0000 - 0x00007ff849e55000 	C:\WINDOWS\System32\bcryptPrimitives.dll
0x00007ff820ea0000 - 0x00007ff820eaf000 	c:\Users\aryaa\.vscode\extensions\redhat.java-1.54.0-win32-x64\jre\21.0.10-win32-x86_64\bin\instrument.dll
0x00007ff80c210000 - 0x00007ff80c230000 	c:\Users\aryaa\.vscode\extensions\redhat.java-1.54.0-win32-x64\jre\21.0.10-win32-x86_64\bin\java.dll
0x00007ff84c7d0000 - 0x00007ff84cf37000 	C:\WINDOWS\System32\SHELL32.dll
0x00007ff84abb0000 - 0x00007ff84ad1a000 	C:\WINDOWS\System32\wintypes.dll
0x00007ff84a340000 - 0x00007ff84aba8000 	C:\WINDOWS\System32\windows.storage.dll
0x00007ff84c240000 - 0x00007ff84c338000 	C:\WINDOWS\System32\SHCORE.dll
0x00007ff84b900000 - 0x00007ff84b966000 	C:\WINDOWS\System32\shlwapi.dll
0x00007ff849970000 - 0x00007ff849999000 	C:\WINDOWS\SYSTEM32\profapi.dll
0x00007ff809cc0000 - 0x00007ff809cd8000 	c:\Users\aryaa\.vscode\extensions\redhat.java-1.54.0-win32-x64\jre\21.0.10-win32-x86_64\bin\zip.dll
0x00007ff81d190000 - 0x00007ff81d1a0000 	C:\Users\aryaa\.vscode\extensions\redhat.java-1.54.0-win32-x64\jre\21.0.10-win32-x86_64\bin\net.dll
0x00007ff843980000 - 0x00007ff843aad000 	C:\WINDOWS\SYSTEM32\WINHTTP.dll
0x00007ff848d50000 - 0x00007ff848dbc000 	C:\WINDOWS\system32\mswsock.dll
0x00007ff8077c0000 - 0x00007ff8077d6000 	C:\Users\aryaa\.vscode\extensions\redhat.java-1.54.0-win32-x64\jre\21.0.10-win32-x86_64\bin\nio.dll
0x00007ff81cde0000 - 0x00007ff81cdf0000 	c:\Users\aryaa\.vscode\extensions\redhat.java-1.54.0-win32-x64\jre\21.0.10-win32-x86_64\bin\verify.dll
0x00007fffd7b20000 - 0x00007fffd7b65000 	C:\Users\aryaa\AppData\Roaming\Code\User\globalStorage\redhat.java\1.54.0\config_win\org.eclipse.equinox.launcher\org.eclipse.equinox.launcher.win32.win32.x86_64_1.3.0.v20260203-2149\eclipse_11919.dll
0x00007ff84b2c0000 - 0x00007ff84b457000 	C:\WINDOWS\System32\ole32.dll
0x00007ff849030000 - 0x00007ff84904b000 	C:\WINDOWS\SYSTEM32\CRYPTSP.dll
0x00007ff848740000 - 0x00007ff848779000 	C:\WINDOWS\system32\rsaenh.dll
0x00007ff848e00000 - 0x00007ff848e33000 	C:\WINDOWS\SYSTEM32\USERENV.dll
0x00007ff849940000 - 0x00007ff84996a000 	C:\WINDOWS\SYSTEM32\bcrypt.dll
0x00007ff849050000 - 0x00007ff84905c000 	C:\WINDOWS\SYSTEM32\CRYPTBASE.dll
0x00007ff8481a0000 - 0x00007ff8481d2000 	C:\WINDOWS\SYSTEM32\IPHLPAPI.DLL
0x00007ff84b750000 - 0x00007ff84b75a000 	C:\WINDOWS\System32\NSI.dll
0x00007fffd0500000 - 0x00007fffd0549000 	C:\Users\aryaa\AppData\Local\Temp\jna-93097096\jna3279891516232284255.dll
0x00007ff84c570000 - 0x00007ff84c578000 	C:\WINDOWS\System32\PSAPI.DLL
0x00007ff843d60000 - 0x00007ff843d7d000 	C:\WINDOWS\SYSTEM32\dhcpcsvc6.DLL
0x00007ff843d30000 - 0x00007ff843d55000 	C:\WINDOWS\SYSTEM32\dhcpcsvc.DLL
0x00007ff81b330000 - 0x00007ff81b33e000 	C:\Users\aryaa\.vscode\extensions\redhat.java-1.54.0-win32-x64\jre\21.0.10-win32-x86_64\bin\sunmscapi.dll
0x00007ff849a50000 - 0x00007ff849bc7000 	C:\WINDOWS\System32\CRYPT32.dll
0x00007ff849250000 - 0x00007ff849280000 	C:\WINDOWS\SYSTEM32\ncrypt.dll
0x00007ff849200000 - 0x00007ff84923f000 	C:\WINDOWS\SYSTEM32\NTASN1.dll
0x00007ff848230000 - 0x00007ff848362000 	C:\WINDOWS\SYSTEM32\DNSAPI.dll
0x00007ff842800000 - 0x00007ff84280b000 	C:\Windows\System32\rasadhlp.dll
0x00007ff843df0000 - 0x00007ff843e76000 	C:\WINDOWS\System32\fwpuclnt.dll
0x00007ff8111f0000 - 0x00007ff8111f9000 	C:\Users\aryaa\.vscode\extensions\redhat.java-1.54.0-win32-x64\jre\21.0.10-win32-x86_64\bin\extnet.dll

JVMTI agents:
c:\Users\aryaa\.vscode\extensions\redhat.java-1.54.0-win32-x64\lombok\lombok-1.18.39-4050.jar path:c:\Users\aryaa\.vscode\extensions\redhat.java-1.54.0-win32-x64\jre\21.0.10-win32-x86_64\bin\instrument.dll, loaded, initialized, instrumentlib options:none

dbghelp: loaded successfully - version: 4.0.5 - missing functions: none
symbol engine: initialized successfully - sym options: 0x614 - pdb path: .;c:\Users\aryaa\.vscode\extensions\redhat.java-1.54.0-win32-x64\jre\21.0.10-win32-x86_64\bin;C:\WINDOWS\SYSTEM32;C:\Program Files\Avast Software\Avast;C:\WINDOWS\WinSxS\amd64_microsoft.windows.common-controls_6595b64144ccf1df_6.0.26100.8115_none_3e075c82e3354f9c;c:\Users\aryaa\.vscode\extensions\redhat.java-1.54.0-win32-x64\jre\21.0.10-win32-x86_64\bin\server;C:\Users\aryaa\AppData\Roaming\Code\User\globalStorage\redhat.java\1.54.0\config_win\org.eclipse.equinox.launcher\org.eclipse.equinox.launcher.win32.win32.x86_64_1.3.0.v20260203-2149;C:\Users\aryaa\AppData\Local\Temp\jna-93097096

VM Arguments:
jvm_args: --add-modules=ALL-SYSTEM --add-opens=java.base/java.util=ALL-UNNAMED --add-opens=java.base/java.lang=ALL-UNNAMED --add-opens=java.base/sun.nio.fs=ALL-UNNAMED -Declipse.application=org.eclipse.jdt.ls.core.id1 -Dosgi.bundles.defaultStartLevel=4 -Declipse.product=org.eclipse.jdt.ls.core.product -Djava.import.generatesMetadataFilesAtProjectRoot=false -DDetectVMInstallationsJob.disabled=true -Dfile.encoding=utf8 -XX:+UseParallelGC -XX:GCTimeRatio=4 -XX:AdaptiveSizePolicyWeight=90 -Dsun.zip.disableMemoryMapping=true -Xmx2G -Xms100m -Xlog:disable -javaagent:c:\Users\aryaa\.vscode\extensions\redhat.java-1.54.0-win32-x64\lombok\lombok-1.18.39-4050.jar -XX:+HeapDumpOnOutOfMemoryError -XX:HeapDumpPath=c:\Users\aryaa\AppData\Roaming\Code\User\workspaceStorage\8677ddda170b23c1ba147b4e67a7d6a4\redhat.java -Daether.dependencyCollector.impl=bf 
java_command: c:\Users\aryaa\.vscode\extensions\redhat.java-1.54.0-win32-x64\server\plugins\org.eclipse.equinox.launcher_1.7.100.v20251111-0406.jar -configuration c:\Users\aryaa\AppData\Roaming\Code\User\globalStorage\redhat.java\1.54.0\config_win -data c:\Users\aryaa\AppData\Roaming\Code\User\workspaceStorage\8677ddda170b23c1ba147b4e67a7d6a4\redhat.java\jdt_ws --pipe=\\.\pipe\lsp-a4d44a7255a1c699b4bb1142484196ea-sock
java_class_path (initial): c:\Users\aryaa\.vscode\extensions\redhat.java-1.54.0-win32-x64\server\plugins\org.eclipse.equinox.launcher_1.7.100.v20251111-0406.jar
Launcher Type: SUN_STANDARD

[Global flags]
    uintx AdaptiveSizePolicyWeight                 = 90                                        {product} {command line}
     intx CICompilerCount                          = 4                                         {product} {ergonomic}
    uintx GCTimeRatio                              = 4                                         {product} {command line}
     bool HeapDumpOnOutOfMemoryError               = true                                   {manageable} {command line}
    ccstr HeapDumpPath                             = c:\Users\aryaa\AppData\Roaming\Code\User\workspaceStorage\8677ddda170b23c1ba147b4e67a7d6a4\redhat.java         {manageable} {command line}
   size_t InitialHeapSize                          = 104857600                                 {product} {command line}
   size_t MaxHeapSize                              = 2147483648                                {product} {command line}
   size_t MaxNewSize                               = 715653120                                 {product} {ergonomic}
   size_t MinHeapDeltaBytes                        = 524288                                    {product} {ergonomic}
   size_t MinHeapSize                              = 104857600                                 {product} {command line}
   size_t NewSize                                  = 34603008                                  {product} {ergonomic}
    uintx NonNMethodCodeHeapSize                   = 5839372                                {pd product} {ergonomic}
    uintx NonProfiledCodeHeapSize                  = 122909434                              {pd product} {ergonomic}
   size_t OldSize                                  = 70254592                                  {product} {ergonomic}
    uintx ProfiledCodeHeapSize                     = 122909434                              {pd product} {ergonomic}
    uintx ReservedCodeCacheSize                    = 251658240                              {pd product} {ergonomic}
     bool SegmentedCodeCache                       = true                                      {product} {ergonomic}
   size_t SoftMaxHeapSize                          = 2147483648                             {manageable} {ergonomic}
     bool UseCompressedOops                        = true                           {product lp64_product} {ergonomic}
     bool UseLargePagesIndividualAllocation        = false                                  {pd product} {ergonomic}
     bool UseParallelGC                            = true                                      {product} {command line}

Logging:
Log output configuration:
 #0: stdout all=off uptime,level,tags foldmultilines=false
 #1: stderr all=off uptime,level,tags foldmultilines=false

Release file:
JAVA_VERSION="21.0.10" 
MODULES="java.base java.compiler java.datatransfer java.xml java.prefs java.desktop java.instrument java.logging java.management java.security.sasl java.naming java.rmi java.management.rmi java.net.http java.scripting java.security.jgss java.transaction.xa java.sql java.sql.rowset java.xml.crypto java.se java.smartcardio jdk.accessibility jdk.internal.jvmstat jdk.attach jdk.charsets jdk.internal.opt jdk.zipfs jdk.compiler jdk.crypto.ec jdk.crypto.cryptoki jdk.crypto.mscapi jdk.dynalink jdk.internal.ed jdk.editpad jdk.hotspot.agent jdk.httpserver jdk.internal.le jdk.internal.vm.ci jdk.internal.vm.compiler jdk.internal.vm.compiler.management jdk.jartool jdk.javadoc jdk.jcmd jdk.management jdk.management.agent jdk.jconsole jdk.jdeps jdk.jdwp.agent jdk.jdi jdk.jfr jdk.jshell jdk.jsobject jdk.jstatd jdk.localedata jdk.management.jfr jdk.naming.dns jdk.naming.rmi jdk.net jdk.nio.mapmode jdk.random jdk.sctp jdk.security.auth jdk.security.jgss jdk.unsupported jdk.unsupported.desktop jdk.xml.dom" 

Environment Variables:
PATH=C:\Users\aryaa\AppData\Local\Programs\Microsoft VS Code;C:\Python313\Scripts\;C:\Python313\;C:\Program Files\Common Files\Oracle\Java\javapath;C:\windows\system32;C:\windows;C:\windows\System32\Wbem;C:\windows\System32\WindowsPowerShell\v1.0\;C:\windows\System32\OpenSSH\;C:\Program Files (x86)\NVIDIA Corporation\PhysX\Common;C:\Program Files\NVIDIA Corporation\NVIDIA NvDLISR;C:\Program Files\Java\jdk-21\bin;C:\Program Files\Git\cmd;C:\WINDOWS\system32;C:\WINDOWS;C:\WINDOWS\System32\Wbem;C:\WINDOWS\System32\WindowsPowerShell\v1.0\;C:\WINDOWS\System32\OpenSSH\;C:\Program Files\nodejs\;C:\ProgramData\chocolatey\bin;C:\Program Files\Docker\Docker\resources\bin;C:\Program Files\MySQL\MySQL Shell 8.0\bin\;C:\Users\aryaa\AppData\Local\Microsoft\WindowsApps;C:\Users\aryaa\AppData\Local\Programs\Microsoft VS Code\bin;C:\Users\aryaa\Downloads\jdk-22_windows-x64_bin.zip\jdk-22.0.2\bin;C:\Program Files\Java\jdk-21\bin;C:\ProgramData\aryaa\GitHubDesktop\bin;C:\Users\aryaa\AppData\Local\GitHubDesktop\bin;C:\Users\aryaa\AppData\Roaming\npm;C:\Program Files (x86)\Google\google_appengine\;C:\Users\aryaa\AppData\Local\Programs\Antigravity\bin
USERNAME=aryaa
OS=Windows_NT
PROCESSOR_IDENTIFIER=AMD64 Family 25 Model 80 Stepping 0, AuthenticAMD
TMP=C:\Users\aryaa\AppData\Local\Temp
TEMP=C:\Users\aryaa\AppData\Local\Temp




Periodic native trim disabled

---------------  S Y S T E M  ---------------

OS:
 Windows 11 , 64 bit Build 26100 (10.0.26100.8246)
OS uptime: 6 days 2:40 hours
Hyper-V role detected

CPU: total 12 (initial active 12) (12 cores per cpu, 2 threads per core) family 25 model 80 stepping 0 microcode 0xa50000f, cx8, cmov, fxsr, ht, mmx, 3dnowpref, sse, sse2, sse3, ssse3, sse4a, sse4.1, sse4.2, popcnt, lzcnt, tsc, tscinvbit, avx, avx2, aes, erms, clmul, bmi1, bmi2, adx, sha, fma, vzeroupper, clflush, clflushopt, hv, rdtscp, rdpid, fsrm, f16c, cet_ss
Processor Information for processor 0
  Max Mhz: 3301, Current Mhz: 3301, Mhz Limit: 3301
Processor Information for processor 1
  Max Mhz: 3301, Current Mhz: 3301, Mhz Limit: 3301
Processor Information for processor 2
  Max Mhz: 3301, Current Mhz: 2630, Mhz Limit: 3301
Processor Information for processor 3
  Max Mhz: 3301, Current Mhz: 3301, Mhz Limit: 3301
Processor Information for processor 4
  Max Mhz: 3301, Current Mhz: 2630, Mhz Limit: 3301
Processor Information for processor 5
  Max Mhz: 3301, Current Mhz: 3301, Mhz Limit: 3301
Processor Information for processor 6
  Max Mhz: 3301, Current Mhz: 3301, Mhz Limit: 3301
Processor Information for processor 7
  Max Mhz: 3301, Current Mhz: 3301, Mhz Limit: 3301
Processor Information for processor 8
  Max Mhz: 3301, Current Mhz: 2630, Mhz Limit: 3301
Processor Information for processor 9
  Max Mhz: 3301, Current Mhz: 3301, Mhz Limit: 3301
Processor Information for processor 10
  Max Mhz: 3301, Current Mhz: 3301, Mhz Limit: 3301
Processor Information for processor 11
  Max Mhz: 3301, Current Mhz: 3301, Mhz Limit: 3301

Memory: 4k page, system-wide physical 15710M (2076M free)
TotalPageFile size 38932M (AvailPageFile size 0M)
current process WorkingSet (physical memory assigned to process): 502M, peak: 564M
current process commit charge ("private bytes"): 577M, peak: 639M

vm_info: OpenJDK 64-Bit Server VM (21.0.10+7-LTS) for windows-amd64 JRE (21.0.10+7-LTS), built on 2026-01-20T00:00:00Z by "admin" with MS VC++ 17.12 (VS2022)

END.
